# JRE version: Java(TM) SE Runtime Environment (8.0_191-b12) (build 1.8.0_191-b12)
# Java VM: Java HotSpot(TM) 64-Bit Server VM (25.191-b12 mixed mode linux-amd64 compressed oops)
Heap:
 PSYoungGen      total 70144K, used 6640K [0x00000000ebd80000, 0x00000000f0880000, 0x0000000100000000)
  eden space 63488K, 0% used [0x00000000ebd80000,0x00000000ebd80000,0x00000000efb80000)
  from space 6656K, 99% used [0x00000000efb80000,0x00000000f01fc010,0x00000000f0200000)
  to   space 6656K, 0% used [0x00000000f0200000,0x00000000f0200000,0x00000000f0880000)
 ParOldGen       total 42496K, used 8462K [0x00000000c3800000, 0x00000000c6180000, 0x00000000ebd80000)
  object space 42496K, 19% used [0x00000000c3800000,0x00000000c4043848,0x00000000c6180000)
 Metaspace       used 13798K, capacity 14198K, committed 14336K, reserved 1062912K
  class space    used 1652K, capacity 1765K, committed 1792K, reserved 1048576K
GC Heap History (10 events):
Event: 1,052 GC heap after
Heap after GC invocations=2 (full 0):
 PSYoungGen      total 18432K, used 2518K [0x00000000ebd80000, 0x00000000ee180000, 0x0000000100000000)
  eden space 15872K, 0% used [0x00000000ebd80000,0x00000000ebd80000,0x00000000ecd00000)
  from space 2560K, 98% used [0x00000000ecf80000,0x00000000ed1f5900,0x00000000ed200000)
  to   space 2560K, 0% used [0x00000000ecd00000,0x00000000ecd00000,0x00000000ecf80000)
 ParOldGen       total 42496K, used 677K [0x00000000c3800000, 0x00000000c6180000, 0x00000000ebd80000)
  object space 42496K, 1% used [0x00000000c3800000,0x00000000c38a9500,0x00000000c6180000)
 Metaspace       used 7570K, capacity 7782K, committed 7936K, reserved 1056768K
  class space    used 947K, capacity 1021K, committed 1024K, reserved 1048576K
}
Event: 1,359 GC heap before
{Heap before GC invocations=3 (full 0):
 PSYoungGen      total 18432K, used 18390K [0x00000000ebd80000, 0x00000000ee180000, 0x0000000100000000)
  eden space 15872K, 100% used [0x00000000ebd80000,0x00000000ecd00000,0x00000000ecd00000)
  from space 2560K, 98% used [0x00000000ecf80000,0x00000000ed1f5900,0x00000000ed200000)
  to   space 2560K, 0% used [0x00000000ecd00000,0x00000000ecd00000,0x00000000ecf80000)
 ParOldGen       total 42496K, used 677K [0x00000000c3800000, 0x00000000c6180000, 0x00000000ebd80000)
  object space 42496K, 1% used [0x00000000c3800000,0x00000000c38a9500,0x00000000c6180000)
 Metaspace       used 9523K, capacity 9728K, committed 9856K, reserved 1058816K
  class space    used 1221K, capacity 1281K, committed 1408K, reserved 1048576K
Event: 1,364 GC heap after
Heap after GC invocations=3 (full 0):
 PSYoungGen      total 18432K, used 2548K [0x00000000ebd80000, 0x00000000ee180000, 0x0000000100000000)
  eden space 15872K, 0% used [0x00000000ebd80000,0x00000000ebd80000,0x00000000ecd00000)
  from space 2560K, 99% used [0x00000000ecd00000,0x00000000ecf7d0a8,0x00000000ecf80000)
  to   space 2560K, 0% used [0x00000000edf00000,0x00000000edf00000,0x00000000ee180000)
 ParOldGen       total 42496K, used 2164K [0x00000000c3800000, 0x00000000c6180000, 0x00000000ebd80000)
  object space 42496K, 5% used [0x00000000c3800000,0x00000000c3a1d0b8,0x00000000c6180000)
 Metaspace       used 9523K, capacity 9728K, committed 9856K, reserved 1058816K
  class space    used 1221K, capacity 1281K, committed 1408K, reserved 1048576K
}
Event: 1,808 GC heap before
{Heap before GC invocations=4 (full 0):
 PSYoungGen      total 18432K, used 18420K [0x00000000ebd80000, 0x00000000ee180000, 0x0000000100000000)
  eden space 15872K, 100% used [0x00000000ebd80000,0x00000000ecd00000,0x00000000ecd00000)
  from space 2560K, 99% used [0x00000000ecd00000,0x00000000ecf7d0a8,0x00000000ecf80000)
  to   space 2560K, 0% used [0x00000000edf00000,0x00000000edf00000,0x00000000ee180000)
 ParOldGen       total 42496K, used 2164K [0x00000000c3800000, 0x00000000c6180000, 0x00000000ebd80000)
  object space 42496K, 5% used [0x00000000c3800000,0x00000000c3a1d0b8,0x00000000c6180000)
 Metaspace       used 12616K, capacity 12966K, committed 13184K, reserved 1060864K
  class space    used 1557K, capacity 1656K, committed 1664K, reserved 1048576K
Event: 1,825 GC heap after
Heap after GC invocations=4 (full 0):
 PSYoungGen      total 34304K, used 2560K [0x00000000ebd80000, 0x00000000ee180000, 0x0000000100000000)
  eden space 31744K, 0% used [0x00000000ebd80000,0x00000000ebd80000,0x00000000edc80000)
  from space 2560K, 100% used [0x00000000edf00000,0x00000000ee180000,0x00000000ee180000)
  to   space 2560K, 0% used [0x00000000edc80000,0x00000000edc80000,0x00000000edf00000)
 ParOldGen       total 42496K, used 5178K [0x00000000c3800000, 0x00000000c6180000, 0x00000000ebd80000)
  object space 42496K, 12% used [0x00000000c3800000,0x00000000c3d0e928,0x00000000c6180000)
 Metaspace       used 12616K, capacity 12966K, committed 13184K, reserved 1060864K
  class space    used 1557K, capacity 1656K, committed 1664K, reserved 1048576K
}
Event: 2,500 GC heap before
{Heap before GC invocations=5 (full 0):
 PSYoungGen      total 34304K, used 34304K [0x00000000ebd80000, 0x00000000ee180000, 0x0000000100000000)
  eden space 31744K, 100% used [0x00000000ebd80000,0x00000000edc80000,0x00000000edc80000)
  from space 2560K, 100% used [0x00000000edf00000,0x00000000ee180000,0x00000000ee180000)
  to   space 2560K, 0% used [0x00000000edc80000,0x00000000edc80000,0x00000000edf00000)
 ParOldGen       total 42496K, used 5178K [0x00000000c3800000, 0x00000000c6180000, 0x00000000ebd80000)
  object space 42496K, 12% used [0x00000000c3800000,0x00000000c3d0e928,0x00000000c6180000)
 Metaspace       used 13278K, capacity 13614K, committed 13824K, reserved 1060864K
  class space    used 1609K, capacity 1698K, committed 1792K, reserved 1048576K
Event: 2,527 GC heap after
Heap after GC invocations=5 (full 0):
 PSYoungGen      total 34304K, used 2528K [0x00000000ebd80000, 0x00000000f0880000, 0x0000000100000000)
  eden space 31744K, 0% used [0x00000000ebd80000,0x00000000ebd80000,0x00000000edc80000)
  from space 2560K, 98% used [0x00000000edc80000,0x00000000edef8020,0x00000000edf00000)
  to   space 6656K, 0% used [0x00000000f0200000,0x00000000f0200000,0x00000000f0880000)
 ParOldGen       total 42496K, used 7420K [0x00000000c3800000, 0x00000000c6180000, 0x00000000ebd80000)
  object space 42496K, 17% used [0x00000000c3800000,0x00000000c3f3f0a0,0x00000000c6180000)
 Metaspace       used 13278K, capacity 13614K, committed 13824K, reserved 1060864K
  class space    used 1609K, capacity 1698K, committed 1792K, reserved 1048576K
}
Event: 9,074 GC heap before
{Heap before GC invocations=6 (full 0):
 PSYoungGen      total 34304K, used 34272K [0x00000000ebd80000, 0x00000000f0880000, 0x0000000100000000)
  eden space 31744K, 100% used [0x00000000ebd80000,0x00000000edc80000,0x00000000edc80000)
  from space 2560K, 98% used [0x00000000edc80000,0x00000000edef8020,0x00000000edf00000)
  to   space 6656K, 0% used [0x00000000f0200000,0x00000000f0200000,0x00000000f0880000)
 ParOldGen       total 42496K, used 7420K [0x00000000c3800000, 0x00000000c6180000, 0x00000000ebd80000)
  object space 42496K, 17% used [0x00000000c3800000,0x00000000c3f3f0a0,0x00000000c6180000)
 Metaspace       used 13502K, capacity 13934K, committed 14080K, reserved 1060864K
  class space    used 1634K, capacity 1762K, committed 1792K, reserved 1048576K
Event: 9,125 GC heap after
Heap after GC invocations=6 (full 0):
 PSYoungGen      total 70144K, used 5243K [0x00000000ebd80000, 0x00000000f0880000, 0x0000000100000000)
  eden space 63488K, 0% used [0x00000000ebd80000,0x00000000ebd80000,0x00000000efb80000)
  from space 6656K, 78% used [0x00000000f0200000,0x00000000f071ef68,0x00000000f0880000)
  to   space 6656K, 0% used [0x00000000efb80000,0x00000000efb80000,0x00000000f0200000)
 ParOldGen       total 42496K, used 7420K [0x00000000c3800000, 0x00000000c6180000, 0x00000000ebd80000)
  object space 42496K, 17% used [0x00000000c3800000,0x00000000c3f3f0a0,0x00000000c6180000)
 Metaspace       used 13502K, capacity 13934K, committed 14080K, reserved 1060864K
  class space    used 1634K, capacity 1762K, committed 1792K, reserved 1048576K
}
Event: 33,700 GC heap before
{Heap before GC invocations=7 (full 0):
 PSYoungGen      total 70144K, used 68731K [0x00000000ebd80000, 0x00000000f0880000, 0x0000000100000000)
  eden space 63488K, 100% used [0x00000000ebd80000,0x00000000efb80000,0x00000000efb80000)
  from space 6656K, 78% used [0x00000000f0200000,0x00000000f071ef68,0x00000000f0880000)
  to   space 6656K, 0% used [0x00000000efb80000,0x00000000efb80000,0x00000000f0200000)
 ParOldGen       total 42496K, used 7420K [0x00000000c3800000, 0x00000000c6180000, 0x00000000ebd80000)
  object space 42496K, 17% used [0x00000000c3800000,0x00000000c3f3f0a0,0x00000000c6180000)
 Metaspace       used 13798K, capacity 14198K, committed 14336K, reserved 1062912K
  class space    used 1652K, capacity 1765K, committed 1792K, reserved 1048576K

